[1.095s] Invoking command in '/workspaces/EV-Torque-Vectoring/build/tv_sim': DEBUGINFOD_URLS=https://debuginfod.ubuntu.com PYTHONPATH=/workspaces/EV-Torque-Vectoring/build/tv_sim/prefix_override:/usr/lib/python3/dist-packages/colcon_core/task/python/colcon_distutils_commands:/workspaces/EV-Torque-Vectoring/install/tv_sim/lib/python3.12/site-packages:${PYTHONPATH} /usr/bin/python3 -W ignore:setup.py install is deprecated -W ignore:easy_install command is deprecated setup.py develop --editable --build-directory /workspaces/EV-Torque-Vectoring/build/tv_sim/build --no-deps symlink_data
[1.534s] running develop
[1.796s] running egg_info
[1.796s] creating tv_sim.egg-info
[1.825s] writing tv_sim.egg-info/PKG-INFO
[1.825s] writing dependency_links to tv_sim.egg-info/dependency_links.txt
[1.826s] writing entry points to tv_sim.egg-info/entry_points.txt
[1.826s] writing requirements to tv_sim.egg-info/requires.txt
[1.826s] writing top-level names to tv_sim.egg-info/top_level.txt
[1.826s] writing manifest file 'tv_sim.egg-info/SOURCES.txt'
[1.879s] reading manifest file 'tv_sim.egg-info/SOURCES.txt'
[1.880s] writing manifest file 'tv_sim.egg-info/SOURCES.txt'
[1.903s] running build_ext
[1.904s] Creating /workspaces/EV-Torque-Vectoring/install/tv_sim/lib/python3.12/site-packages/tv-sim.egg-link (link to .)
[1.904s] Installing controller script to /workspaces/EV-Torque-Vectoring/install/tv_sim/lib/tv_sim
[1.905s] Installing driver script to /workspaces/EV-Torque-Vectoring/install/tv_sim/lib/tv_sim
[1.905s] Installing plant script to /workspaces/EV-Torque-Vectoring/install/tv_sim/lib/tv_sim
[1.905s] 
[1.905s] Installed /workspaces/EV-Torque-Vectoring/build/tv_sim
[1.906s] running symlink_data
[1.906s] creating /workspaces/EV-Torque-Vectoring/install/tv_sim/share/ament_index
[1.906s] creating /workspaces/EV-Torque-Vectoring/install/tv_sim/share/ament_index/resource_index
[1.906s] creating /workspaces/EV-Torque-Vectoring/install/tv_sim/share/ament_index/resource_index/packages
[1.906s] symbolically linking /workspaces/EV-Torque-Vectoring/build/tv_sim/resource/tv_sim -> /workspaces/EV-Torque-Vectoring/install/tv_sim/share/ament_index/resource_index/packages
[1.906s] symbolically linking /workspaces/EV-Torque-Vectoring/build/tv_sim/package.xml -> /workspaces/EV-Torque-Vectoring/install/tv_sim/share/tv_sim
[1.907s] creating /workspaces/EV-Torque-Vectoring/install/tv_sim/share/tv_sim/launch
[1.907s] symbolically linking /workspaces/EV-Torque-Vectoring/build/tv_sim/launch/launch.py -> /workspaces/EV-Torque-Vectoring/install/tv_sim/share/tv_sim/launch
[1.950s] Invoked command in '/workspaces/EV-Torque-Vectoring/build/tv_sim' returned '0': DEBUGINFOD_URLS=https://debuginfod.ubuntu.com PYTHONPATH=/workspaces/EV-Torque-Vectoring/build/tv_sim/prefix_override:/usr/lib/python3/dist-packages/colcon_core/task/python/colcon_distutils_commands:/workspaces/EV-Torque-Vectoring/install/tv_sim/lib/python3.12/site-packages:${PYTHONPATH} /usr/bin/python3 -W ignore:setup.py install is deprecated -W ignore:easy_install command is deprecated setup.py develop --editable --build-directory /workspaces/EV-Torque-Vectoring/build/tv_sim/build --no-deps symlink_data
