[1.243s] Invoking command in '/workspaces/EV-Torque-Vectoring/src/tv_sim': DEBUGINFOD_URLS=https://debuginfod.ubuntu.com PYTHONPATH=/workspaces/EV-Torque-Vectoring/build/tv_sim/prefix_override:/usr/lib/python3/dist-packages/colcon_core/task/python/colcon_distutils_commands:/workspaces/EV-Torque-Vectoring/install/tv_sim/lib/python3.12/site-packages:${PYTHONPATH} /usr/bin/python3 -W ignore:setup.py install is deprecated -W ignore:easy_install command is deprecated setup.py egg_info --egg-base ../../build/tv_sim build --build-base /workspaces/EV-Torque-Vectoring/build/tv_sim/build install --record /workspaces/EV-Torque-Vectoring/build/tv_sim/install.log --single-version-externally-managed install_data
[1.636s] running egg_info
[1.664s] writing ../../build/tv_sim/tv_sim.egg-info/PKG-INFO
[1.664s] writing dependency_links to ../../build/tv_sim/tv_sim.egg-info/dependency_links.txt
[1.665s] writing entry points to ../../build/tv_sim/tv_sim.egg-info/entry_points.txt
[1.665s] writing requirements to ../../build/tv_sim/tv_sim.egg-info/requires.txt
[1.665s] writing top-level names to ../../build/tv_sim/tv_sim.egg-info/top_level.txt
[1.725s] reading manifest file '../../build/tv_sim/tv_sim.egg-info/SOURCES.txt'
[1.727s] writing manifest file '../../build/tv_sim/tv_sim.egg-info/SOURCES.txt'
[1.728s] running build
[1.728s] running build_py
[1.730s] copying tv_sim/nodes/plant_node.py -> /workspaces/EV-Torque-Vectoring/build/tv_sim/build/lib/tv_sim/nodes
[1.730s] running install
[1.740s] running install_lib
[1.767s] copying /workspaces/EV-Torque-Vectoring/build/tv_sim/build/lib/tv_sim/nodes/plant_node.py -> /workspaces/EV-Torque-Vectoring/install/tv_sim/lib/python3.12/site-packages/tv_sim/nodes
[1.769s] byte-compiling /workspaces/EV-Torque-Vectoring/install/tv_sim/lib/python3.12/site-packages/tv_sim/nodes/plant_node.py to plant_node.cpython-312.pyc
[1.770s] running install_data
[1.770s] running install_egg_info
[1.798s] removing '/workspaces/EV-Torque-Vectoring/install/tv_sim/lib/python3.12/site-packages/tv_sim-0.0.1-py3.12.egg-info' (and everything under it)
[1.798s] Copying ../../build/tv_sim/tv_sim.egg-info to /workspaces/EV-Torque-Vectoring/install/tv_sim/lib/python3.12/site-packages/tv_sim-0.0.1-py3.12.egg-info
[1.799s] running install_scripts
[2.002s] Installing controller script to /workspaces/EV-Torque-Vectoring/install/tv_sim/lib/tv_sim
[2.002s] Installing driver script to /workspaces/EV-Torque-Vectoring/install/tv_sim/lib/tv_sim
[2.002s] Installing plant script to /workspaces/EV-Torque-Vectoring/install/tv_sim/lib/tv_sim
[2.003s] writing list of installed files to '/workspaces/EV-Torque-Vectoring/build/tv_sim/install.log'
[2.051s] Invoked command in '/workspaces/EV-Torque-Vectoring/src/tv_sim' returned '0': DEBUGINFOD_URLS=https://debuginfod.ubuntu.com PYTHONPATH=/workspaces/EV-Torque-Vectoring/build/tv_sim/prefix_override:/usr/lib/python3/dist-packages/colcon_core/task/python/colcon_distutils_commands:/workspaces/EV-Torque-Vectoring/install/tv_sim/lib/python3.12/site-packages:${PYTHONPATH} /usr/bin/python3 -W ignore:setup.py install is deprecated -W ignore:easy_install command is deprecated setup.py egg_info --egg-base ../../build/tv_sim build --build-base /workspaces/EV-Torque-Vectoring/build/tv_sim/build install --record /workspaces/EV-Torque-Vectoring/build/tv_sim/install.log --single-version-externally-managed install_data
