[1.556s] Invoking command in '/workspaces/EV-Torque-Vectoring/build/tv_sim': DEBUGINFOD_URLS=https://debuginfod.ubuntu.com PYTHONPATH=/workspaces/EV-Torque-Vectoring/build/tv_sim/prefix_override:/usr/lib/python3/dist-packages/colcon_core/task/python/colcon_distutils_commands:/workspaces/EV-Torque-Vectoring/install/tv_sim/lib/python3.12/site-packages:${PYTHONPATH} /usr/bin/python3 -W ignore:setup.py install is deprecated -W ignore:easy_install command is deprecated setup.py develop --uninstall --editable --build-directory /workspaces/EV-Torque-Vectoring/build/tv_sim/build
[2.035s] running develop
[2.354s] Removing /workspaces/EV-Torque-Vectoring/install/tv_sim/lib/python3.12/site-packages/tv-sim.egg-link (link to .)
[2.403s] Invoked command in '/workspaces/EV-Torque-Vectoring/build/tv_sim' returned '0': DEBUGINFOD_URLS=https://debuginfod.ubuntu.com PYTHONPATH=/workspaces/EV-Torque-Vectoring/build/tv_sim/prefix_override:/usr/lib/python3/dist-packages/colcon_core/task/python/colcon_distutils_commands:/workspaces/EV-Torque-Vectoring/install/tv_sim/lib/python3.12/site-packages:${PYTHONPATH} /usr/bin/python3 -W ignore:setup.py install is deprecated -W ignore:easy_install command is deprecated setup.py develop --uninstall --editable --build-directory /workspaces/EV-Torque-Vectoring/build/tv_sim/build
[2.405s] Invoking command in '/workspaces/EV-Torque-Vectoring/src/tv_sim': DEBUGINFOD_URLS=https://debuginfod.ubuntu.com PYTHONPATH=/workspaces/EV-Torque-Vectoring/build/tv_sim/prefix_override:/usr/lib/python3/dist-packages/colcon_core/task/python/colcon_distutils_commands:/workspaces/EV-Torque-Vectoring/install/tv_sim/lib/python3.12/site-packages:${PYTHONPATH} /usr/bin/python3 -W ignore:setup.py install is deprecated -W ignore:easy_install command is deprecated setup.py egg_info --egg-base ../../build/tv_sim build --build-base /workspaces/EV-Torque-Vectoring/build/tv_sim/build install --record /workspaces/EV-Torque-Vectoring/build/tv_sim/install.log --single-version-externally-managed install_data --force
[2.850s] running egg_info
[2.881s] writing ../../build/tv_sim/tv_sim.egg-info/PKG-INFO
[2.882s] writing dependency_links to ../../build/tv_sim/tv_sim.egg-info/dependency_links.txt
[2.882s] writing entry points to ../../build/tv_sim/tv_sim.egg-info/entry_points.txt
[2.882s] writing requirements to ../../build/tv_sim/tv_sim.egg-info/requires.txt
[2.882s] writing top-level names to ../../build/tv_sim/tv_sim.egg-info/top_level.txt
[2.942s] reading manifest file '../../build/tv_sim/tv_sim.egg-info/SOURCES.txt'
[2.943s] writing manifest file '../../build/tv_sim/tv_sim.egg-info/SOURCES.txt'
[2.943s] running build
[2.943s] running build_py
[2.943s] creating /workspaces/EV-Torque-Vectoring/build/tv_sim/build
[2.944s] creating /workspaces/EV-Torque-Vectoring/build/tv_sim/build/lib
[2.944s] creating /workspaces/EV-Torque-Vectoring/build/tv_sim/build/lib/tv_sim
[2.944s] copying tv_sim/__init__.py -> /workspaces/EV-Torque-Vectoring/build/tv_sim/build/lib/tv_sim
[2.945s] running install
[2.957s] running install_lib
[2.991s] creating /workspaces/EV-Torque-Vectoring/install/tv_sim/lib/python3.12/site-packages/tv_sim
[2.991s] copying /workspaces/EV-Torque-Vectoring/build/tv_sim/build/lib/tv_sim/__init__.py -> /workspaces/EV-Torque-Vectoring/install/tv_sim/lib/python3.12/site-packages/tv_sim
[2.992s] byte-compiling /workspaces/EV-Torque-Vectoring/install/tv_sim/lib/python3.12/site-packages/tv_sim/__init__.py to __init__.cpython-312.pyc
[2.992s] running install_data
[2.993s] copying resource/tv_sim -> /workspaces/EV-Torque-Vectoring/install/tv_sim/share/ament_index/resource_index/packages
[2.993s] copying package.xml -> /workspaces/EV-Torque-Vectoring/install/tv_sim/share/tv_sim
[2.993s] copying launch/launch.py -> /workspaces/EV-Torque-Vectoring/install/tv_sim/share/tv_sim/launch
[2.994s] running install_egg_info
[3.027s] Copying ../../build/tv_sim/tv_sim.egg-info to /workspaces/EV-Torque-Vectoring/install/tv_sim/lib/python3.12/site-packages/tv_sim-0.0.1-py3.12.egg-info
[3.029s] running install_scripts
[3.237s] Installing controller script to /workspaces/EV-Torque-Vectoring/install/tv_sim/lib/tv_sim
[3.237s] Installing driver script to /workspaces/EV-Torque-Vectoring/install/tv_sim/lib/tv_sim
[3.238s] Installing plant script to /workspaces/EV-Torque-Vectoring/install/tv_sim/lib/tv_sim
[3.239s] writing list of installed files to '/workspaces/EV-Torque-Vectoring/build/tv_sim/install.log'
[3.280s] Invoked command in '/workspaces/EV-Torque-Vectoring/src/tv_sim' returned '0': DEBUGINFOD_URLS=https://debuginfod.ubuntu.com PYTHONPATH=/workspaces/EV-Torque-Vectoring/build/tv_sim/prefix_override:/usr/lib/python3/dist-packages/colcon_core/task/python/colcon_distutils_commands:/workspaces/EV-Torque-Vectoring/install/tv_sim/lib/python3.12/site-packages:${PYTHONPATH} /usr/bin/python3 -W ignore:setup.py install is deprecated -W ignore:easy_install command is deprecated setup.py egg_info --egg-base ../../build/tv_sim build --build-base /workspaces/EV-Torque-Vectoring/build/tv_sim/build install --record /workspaces/EV-Torque-Vectoring/build/tv_sim/install.log --single-version-externally-managed install_data --force
