[1.445s] Invoking command in '/workspaces/EV-Torque-Vectoring/src/tv_sim': DEBUGINFOD_URLS=https://debuginfod.ubuntu.com PYTHONPATH=/workspaces/EV-Torque-Vectoring/build/tv_sim/prefix_override:/usr/lib/python3/dist-packages/colcon_core/task/python/colcon_distutils_commands:/workspaces/EV-Torque-Vectoring/install/tv_sim/lib/python3.12/site-packages:${PYTHONPATH} /usr/bin/python3 -W ignore:setup.py install is deprecated -W ignore:easy_install command is deprecated setup.py egg_info --egg-base ../../build/tv_sim build --build-base /workspaces/EV-Torque-Vectoring/build/tv_sim/build install --record /workspaces/EV-Torque-Vectoring/build/tv_sim/install.log --single-version-externally-managed install_data
[1.942s] running egg_info
[1.981s] writing ../../build/tv_sim/tv_sim.egg-info/PKG-INFO
[1.981s] writing dependency_links to ../../build/tv_sim/tv_sim.egg-info/dependency_links.txt
[1.981s] writing entry points to ../../build/tv_sim/tv_sim.egg-info/entry_points.txt
[1.982s] writing requirements to ../../build/tv_sim/tv_sim.egg-info/requires.txt
[1.983s] writing top-level names to ../../build/tv_sim/tv_sim.egg-info/top_level.txt
[2.066s] reading manifest file '../../build/tv_sim/tv_sim.egg-info/SOURCES.txt'
[2.067s] writing manifest file '../../build/tv_sim/tv_sim.egg-info/SOURCES.txt'
[2.067s] running build
[2.068s] running build_py
[2.069s] copying tv_sim/core/models/ev_18dof.py -> /workspaces/EV-Torque-Vectoring/build/tv_sim/build/lib/tv_sim/core/models
[2.070s] running install
[2.080s] running install_lib
[2.120s] copying /workspaces/EV-Torque-Vectoring/build/tv_sim/build/lib/tv_sim/core/models/ev_18dof.py -> /workspaces/EV-Torque-Vectoring/install/tv_sim/lib/python3.12/site-packages/tv_sim/core/models
[2.123s] byte-compiling /workspaces/EV-Torque-Vectoring/install/tv_sim/lib/python3.12/site-packages/tv_sim/core/models/ev_18dof.py to ev_18dof.cpython-312.pyc
[2.126s] running install_data
[2.127s] running install_egg_info
[2.173s] removing '/workspaces/EV-Torque-Vectoring/install/tv_sim/lib/python3.12/site-packages/tv_sim-0.0.1-py3.12.egg-info' (and everything under it)
[2.174s] Copying ../../build/tv_sim/tv_sim.egg-info to /workspaces/EV-Torque-Vectoring/install/tv_sim/lib/python3.12/site-packages/tv_sim-0.0.1-py3.12.egg-info
[2.177s] running install_scripts
[2.390s] Installing controller script to /workspaces/EV-Torque-Vectoring/install/tv_sim/lib/tv_sim
[2.391s] Installing driver script to /workspaces/EV-Torque-Vectoring/install/tv_sim/lib/tv_sim
[2.391s] Installing plant script to /workspaces/EV-Torque-Vectoring/install/tv_sim/lib/tv_sim
[2.392s] writing list of installed files to '/workspaces/EV-Torque-Vectoring/build/tv_sim/install.log'
[2.439s] Invoked command in '/workspaces/EV-Torque-Vectoring/src/tv_sim' returned '0': DEBUGINFOD_URLS=https://debuginfod.ubuntu.com PYTHONPATH=/workspaces/EV-Torque-Vectoring/build/tv_sim/prefix_override:/usr/lib/python3/dist-packages/colcon_core/task/python/colcon_distutils_commands:/workspaces/EV-Torque-Vectoring/install/tv_sim/lib/python3.12/site-packages:${PYTHONPATH} /usr/bin/python3 -W ignore:setup.py install is deprecated -W ignore:easy_install command is deprecated setup.py egg_info --egg-base ../../build/tv_sim build --build-base /workspaces/EV-Torque-Vectoring/build/tv_sim/build install --record /workspaces/EV-Torque-Vectoring/build/tv_sim/install.log --single-version-externally-managed install_data
