running egg_info
writing ../../build/tv_sim/tv_sim.egg-info/PKG-INFO
writing dependency_links to ../../build/tv_sim/tv_sim.egg-info/dependency_links.txt
writing entry points to ../../build/tv_sim/tv_sim.egg-info/entry_points.txt
writing requirements to ../../build/tv_sim/tv_sim.egg-info/requires.txt
writing top-level names to ../../build/tv_sim/tv_sim.egg-info/top_level.txt
reading manifest file '../../build/tv_sim/tv_sim.egg-info/SOURCES.txt'
writing manifest file '../../build/tv_sim/tv_sim.egg-info/SOURCES.txt'
running build
running build_py
copying tv_sim/nodes/driving_node.py -> /workspaces/EV-Torque-Vectoring/build/tv_sim/build/lib/tv_sim/nodes
copying tv_sim/nodes/plant_node.py -> /workspaces/EV-Torque-Vectoring/build/tv_sim/build/lib/tv_sim/nodes
copying tv_sim/core/utils/config.py -> /workspaces/EV-Torque-Vectoring/build/tv_sim/build/lib/tv_sim/core/utils
running install
running install_lib
copying /workspaces/EV-Torque-Vectoring/build/tv_sim/build/lib/tv_sim/core/utils/config.py -> /workspaces/EV-Torque-Vectoring/install/tv_sim/lib/python3.12/site-packages/tv_sim/core/utils
copying /workspaces/EV-Torque-Vectoring/build/tv_sim/build/lib/tv_sim/nodes/driving_node.py -> /workspaces/EV-Torque-Vectoring/install/tv_sim/lib/python3.12/site-packages/tv_sim/nodes
copying /workspaces/EV-Torque-Vectoring/build/tv_sim/build/lib/tv_sim/nodes/plant_node.py -> /workspaces/EV-Torque-Vectoring/install/tv_sim/lib/python3.12/site-packages/tv_sim/nodes
byte-compiling /workspaces/EV-Torque-Vectoring/install/tv_sim/lib/python3.12/site-packages/tv_sim/core/utils/config.py to config.cpython-312.pyc
byte-compiling /workspaces/EV-Torque-Vectoring/install/tv_sim/lib/python3.12/site-packages/tv_sim/nodes/driving_node.py to driving_node.cpython-312.pyc
byte-compiling /workspaces/EV-Torque-Vectoring/install/tv_sim/lib/python3.12/site-packages/tv_sim/nodes/plant_node.py to plant_node.cpython-312.pyc
running install_data
running install_egg_info
removing '/workspaces/EV-Torque-Vectoring/install/tv_sim/lib/python3.12/site-packages/tv_sim-0.0.1-py3.12.egg-info' (and everything under it)
Copying ../../build/tv_sim/tv_sim.egg-info to /workspaces/EV-Torque-Vectoring/install/tv_sim/lib/python3.12/site-packages/tv_sim-0.0.1-py3.12.egg-info
running install_scripts
Installing controller script to /workspaces/EV-Torque-Vectoring/install/tv_sim/lib/tv_sim
Installing driver script to /workspaces/EV-Torque-Vectoring/install/tv_sim/lib/tv_sim
Installing plant script to /workspaces/EV-Torque-Vectoring/install/tv_sim/lib/tv_sim
writing list of installed files to '/workspaces/EV-Torque-Vectoring/build/tv_sim/install.log'
