[1.428s] Invoking command in '/workspaces/EV-Torque-Vectoring/src/tv_sim': DEBUGINFOD_URLS=https://debuginfod.ubuntu.com PYTHONPATH=/workspaces/EV-Torque-Vectoring/build/tv_sim/prefix_override:/usr/lib/python3/dist-packages/colcon_core/task/python/colcon_distutils_commands:/workspaces/EV-Torque-Vectoring/install/tv_sim/lib/python3.12/site-packages:${PYTHONPATH} /usr/bin/python3 -W ignore:setup.py install is deprecated -W ignore:easy_install command is deprecated setup.py egg_info --egg-base ../../build/tv_sim build --build-base /workspaces/EV-Torque-Vectoring/build/tv_sim/build install --record /workspaces/EV-Torque-Vectoring/build/tv_sim/install.log --single-version-externally-managed install_data
[1.852s] running egg_info
[1.883s] writing ../../build/tv_sim/tv_sim.egg-info/PKG-INFO
[1.883s] writing dependency_links to ../../build/tv_sim/tv_sim.egg-info/dependency_links.txt
[1.883s] writing entry points to ../../build/tv_sim/tv_sim.egg-info/entry_points.txt
[1.884s] writing requirements to ../../build/tv_sim/tv_sim.egg-info/requires.txt
[1.884s] writing top-level names to ../../build/tv_sim/tv_sim.egg-info/top_level.txt
[1.958s] reading manifest file '../../build/tv_sim/tv_sim.egg-info/SOURCES.txt'
[1.959s] writing manifest file '../../build/tv_sim/tv_sim.egg-info/SOURCES.txt'
[1.960s] running build
[1.960s] running build_py
[1.960s] copying tv_sim/nodes/plant_node.py -> /workspaces/EV-Torque-Vectoring/build/tv_sim/build/lib/tv_sim/nodes
[1.960s] copying tv_sim/nodes/controller_node.py -> /workspaces/EV-Torque-Vectoring/build/tv_sim/build/lib/tv_sim/nodes
[1.960s] copying tv_sim/core/utils/config.py -> /workspaces/EV-Torque-Vectoring/build/tv_sim/build/lib/tv_sim/core/utils
[1.961s] copying tv_sim/core/models/tire_model.py -> /workspaces/EV-Torque-Vectoring/build/tv_sim/build/lib/tv_sim/core/models
[1.962s] copying tv_sim/core/models/ev_18dof.py -> /workspaces/EV-Torque-Vectoring/build/tv_sim/build/lib/tv_sim/core/models
[1.963s] copying tv_sim/core/controllers/torque_vectoring.py -> /workspaces/EV-Torque-Vectoring/build/tv_sim/build/lib/tv_sim/core/controllers
[1.963s] copying tv_sim/core/controllers/torque_allocator.py -> /workspaces/EV-Torque-Vectoring/build/tv_sim/build/lib/tv_sim/core/controllers
[1.963s] copying tv_sim/core/controllers/mpc_torque_vectoring.py -> /workspaces/EV-Torque-Vectoring/build/tv_sim/build/lib/tv_sim/core/controllers
[1.964s] copying tv_sim/core/controllers/drive_intent.py -> /workspaces/EV-Torque-Vectoring/build/tv_sim/build/lib/tv_sim/core/controllers
[1.965s] running install
[1.974s] running install_lib
[2.004s] copying /workspaces/EV-Torque-Vectoring/build/tv_sim/build/lib/tv_sim/core/utils/config.py -> /workspaces/EV-Torque-Vectoring/install/tv_sim/lib/python3.12/site-packages/tv_sim/core/utils
[2.005s] copying /workspaces/EV-Torque-Vectoring/build/tv_sim/build/lib/tv_sim/core/models/tire_model.py -> /workspaces/EV-Torque-Vectoring/install/tv_sim/lib/python3.12/site-packages/tv_sim/core/models
[2.005s] copying /workspaces/EV-Torque-Vectoring/build/tv_sim/build/lib/tv_sim/core/models/ev_18dof.py -> /workspaces/EV-Torque-Vectoring/install/tv_sim/lib/python3.12/site-packages/tv_sim/core/models
[2.005s] copying /workspaces/EV-Torque-Vectoring/build/tv_sim/build/lib/tv_sim/core/controllers/torque_vectoring.py -> /workspaces/EV-Torque-Vectoring/install/tv_sim/lib/python3.12/site-packages/tv_sim/core/controllers
[2.006s] copying /workspaces/EV-Torque-Vectoring/build/tv_sim/build/lib/tv_sim/core/controllers/torque_allocator.py -> /workspaces/EV-Torque-Vectoring/install/tv_sim/lib/python3.12/site-packages/tv_sim/core/controllers
[2.006s] copying /workspaces/EV-Torque-Vectoring/build/tv_sim/build/lib/tv_sim/core/controllers/mpc_torque_vectoring.py -> /workspaces/EV-Torque-Vectoring/install/tv_sim/lib/python3.12/site-packages/tv_sim/core/controllers
[2.008s] copying /workspaces/EV-Torque-Vectoring/build/tv_sim/build/lib/tv_sim/core/controllers/drive_intent.py -> /workspaces/EV-Torque-Vectoring/install/tv_sim/lib/python3.12/site-packages/tv_sim/core/controllers
[2.008s] copying /workspaces/EV-Torque-Vectoring/build/tv_sim/build/lib/tv_sim/nodes/plant_node.py -> /workspaces/EV-Torque-Vectoring/install/tv_sim/lib/python3.12/site-packages/tv_sim/nodes
[2.008s] copying /workspaces/EV-Torque-Vectoring/build/tv_sim/build/lib/tv_sim/nodes/controller_node.py -> /workspaces/EV-Torque-Vectoring/install/tv_sim/lib/python3.12/site-packages/tv_sim/nodes
[2.008s] byte-compiling /workspaces/EV-Torque-Vectoring/install/tv_sim/lib/python3.12/site-packages/tv_sim/core/utils/config.py to config.cpython-312.pyc
[2.012s] byte-compiling /workspaces/EV-Torque-Vectoring/install/tv_sim/lib/python3.12/site-packages/tv_sim/core/models/tire_model.py to tire_model.cpython-312.pyc
[2.015s] byte-compiling /workspaces/EV-Torque-Vectoring/install/tv_sim/lib/python3.12/site-packages/tv_sim/core/models/ev_18dof.py to ev_18dof.cpython-312.pyc
[2.018s] byte-compiling /workspaces/EV-Torque-Vectoring/install/tv_sim/lib/python3.12/site-packages/tv_sim/core/controllers/torque_vectoring.py to torque_vectoring.cpython-312.pyc
[2.019s] byte-compiling /workspaces/EV-Torque-Vectoring/install/tv_sim/lib/python3.12/site-packages/tv_sim/core/controllers/torque_allocator.py to torque_allocator.cpython-312.pyc
[2.020s] byte-compiling /workspaces/EV-Torque-Vectoring/install/tv_sim/lib/python3.12/site-packages/tv_sim/core/controllers/mpc_torque_vectoring.py to mpc_torque_vectoring.cpython-312.pyc
[2.022s] byte-compiling /workspaces/EV-Torque-Vectoring/install/tv_sim/lib/python3.12/site-packages/tv_sim/core/controllers/drive_intent.py to drive_intent.cpython-312.pyc
[2.023s] byte-compiling /workspaces/EV-Torque-Vectoring/install/tv_sim/lib/python3.12/site-packages/tv_sim/nodes/plant_node.py to plant_node.cpython-312.pyc
[2.025s] byte-compiling /workspaces/EV-Torque-Vectoring/install/tv_sim/lib/python3.12/site-packages/tv_sim/nodes/controller_node.py to controller_node.cpython-312.pyc
[2.027s] running install_data
[2.027s] running install_egg_info
[2.067s] removing '/workspaces/EV-Torque-Vectoring/install/tv_sim/lib/python3.12/site-packages/tv_sim-0.0.1-py3.12.egg-info' (and everything under it)
[2.067s] Copying ../../build/tv_sim/tv_sim.egg-info to /workspaces/EV-Torque-Vectoring/install/tv_sim/lib/python3.12/site-packages/tv_sim-0.0.1-py3.12.egg-info
[2.070s] running install_scripts
[2.281s] Installing controller script to /workspaces/EV-Torque-Vectoring/install/tv_sim/lib/tv_sim
[2.282s] Installing driver script to /workspaces/EV-Torque-Vectoring/install/tv_sim/lib/tv_sim
[2.282s] Installing plant script to /workspaces/EV-Torque-Vectoring/install/tv_sim/lib/tv_sim
[2.282s] writing list of installed files to '/workspaces/EV-Torque-Vectoring/build/tv_sim/install.log'
[2.326s] Invoked command in '/workspaces/EV-Torque-Vectoring/src/tv_sim' returned '0': DEBUGINFOD_URLS=https://debuginfod.ubuntu.com PYTHONPATH=/workspaces/EV-Torque-Vectoring/build/tv_sim/prefix_override:/usr/lib/python3/dist-packages/colcon_core/task/python/colcon_distutils_commands:/workspaces/EV-Torque-Vectoring/install/tv_sim/lib/python3.12/site-packages:${PYTHONPATH} /usr/bin/python3 -W ignore:setup.py install is deprecated -W ignore:easy_install command is deprecated setup.py egg_info --egg-base ../../build/tv_sim build --build-base /workspaces/EV-Torque-Vectoring/build/tv_sim/build install --record /workspaces/EV-Torque-Vectoring/build/tv_sim/install.log --single-version-externally-managed install_data
