[0.267s] DEBUG:colcon:Command line arguments: ['/usr/bin/colcon', 'build', '--packages-select', 'tv_sim']
[0.268s] DEBUG:colcon:Parsed command line arguments: Namespace(log_base=None, log_level=None, verb_name='build', build_base='build', install_base='install', merge_install=False, symlink_install=False, test_result_base=None, continue_on_error=False, executor='parallel', parallel_workers=8, event_handlers=None, ignore_user_meta=False, metas=['./colcon.meta'], base_paths=['.'], packages_ignore=None, packages_ignore_regex=None, paths=None, packages_up_to=None, packages_up_to_regex=None, packages_above=None, packages_above_and_dependencies=None, packages_above_depth=None, packages_select_by_dep=None, packages_skip_by_dep=None, packages_skip_up_to=None, packages_select_build_failed=False, packages_skip_build_finished=False, packages_select_test_failures=False, packages_skip_test_passed=False, packages_select=['tv_sim'], packages_skip=None, packages_select_regex=None, packages_skip_regex=None, packages_start=None, packages_end=None, cmake_args=None, cmake_target=None, cmake_target_skip_unavailable=False, cmake_clean_cache=False, cmake_clean_first=False, cmake_force_configure=False, ament_cmake_args=None, catkin_cmake_args=None, catkin_skip_building_tests=False, mixin_files=None, mixin=None, verb_parser=<colcon_mixin.mixin.mixin_argument.MixinArgumentDecorator object at 0x728d3e482bd0>, verb_extension=<colcon_core.verb.build.BuildVerb object at 0x728d3e5caf90>, main=<bound method BuildVerb.main of <colcon_core.verb.build.BuildVerb object at 0x728d3e5caf90>>, mixin_verb=('build',))
[0.355s] Level 1:colcon.colcon_core.package_discovery:discover_packages(colcon_meta) check parameters
[0.356s] Level 1:colcon.colcon_core.package_discovery:discover_packages(recursive) check parameters
[0.356s] Level 1:colcon.colcon_core.package_discovery:discover_packages(ignore) check parameters
[0.356s] Level 1:colcon.colcon_core.package_discovery:discover_packages(path) check parameters
[0.356s] Level 1:colcon.colcon_core.package_discovery:discover_packages(colcon_meta) discover
[0.356s] Level 1:colcon.colcon_core.package_discovery:discover_packages(recursive) discover
[0.356s] INFO:colcon.colcon_core.package_discovery:Crawling recursively for packages in '/workspaces/EV-Torque-Vectoring'
[0.356s] Level 1:colcon.colcon_core.package_identification:_identify(.) by extensions ['ignore', 'ignore_ament_install']
[0.356s] Level 1:colcon.colcon_core.package_identification:_identify(.) by extension 'ignore'
[0.357s] Level 1:colcon.colcon_core.package_identification:_identify(.) by extension 'ignore_ament_install'
[0.357s] Level 1:colcon.colcon_core.package_identification:_identify(.) by extensions ['colcon_pkg']
[0.357s] Level 1:colcon.colcon_core.package_identification:_identify(.) by extension 'colcon_pkg'
[0.357s] Level 1:colcon.colcon_core.package_identification:_identify(.) by extensions ['colcon_meta']
[0.357s] Level 1:colcon.colcon_core.package_identification:_identify(.) by extension 'colcon_meta'
[0.357s] Level 1:colcon.colcon_core.package_identification:_identify(.) by extensions ['ros']
[0.357s] Level 1:colcon.colcon_core.package_identification:_identify(.) by extension 'ros'
[0.413s] Level 1:colcon.colcon_core.package_identification:_identify(.) by extensions ['cmake', 'python']
[0.413s] Level 1:colcon.colcon_core.package_identification:_identify(.) by extension 'cmake'
[0.413s] Level 1:colcon.colcon_core.package_identification:_identify(.) by extension 'python'
[0.413s] Level 1:colcon.colcon_core.package_identification:_identify(.) by extensions ['python_setup_py']
[0.413s] Level 1:colcon.colcon_core.package_identification:_identify(.) by extension 'python_setup_py'
[0.413s] Level 1:colcon.colcon_core.package_identification:_identify(__pycache__) by extensions ['ignore', 'ignore_ament_install']
[0.413s] Level 1:colcon.colcon_core.package_identification:_identify(__pycache__) by extension 'ignore'
[0.414s] Level 1:colcon.colcon_core.package_identification:_identify(__pycache__) by extension 'ignore_ament_install'
[0.414s] Level 1:colcon.colcon_core.package_identification:_identify(__pycache__) by extensions ['colcon_pkg']
[0.414s] Level 1:colcon.colcon_core.package_identification:_identify(__pycache__) by extension 'colcon_pkg'
[0.414s] Level 1:colcon.colcon_core.package_identification:_identify(__pycache__) by extensions ['colcon_meta']
[0.414s] Level 1:colcon.colcon_core.package_identification:_identify(__pycache__) by extension 'colcon_meta'
[0.414s] Level 1:colcon.colcon_core.package_identification:_identify(__pycache__) by extensions ['ros']
[0.414s] Level 1:colcon.colcon_core.package_identification:_identify(__pycache__) by extension 'ros'
[0.414s] Level 1:colcon.colcon_core.package_identification:_identify(__pycache__) by extensions ['cmake', 'python']
[0.414s] Level 1:colcon.colcon_core.package_identification:_identify(__pycache__) by extension 'cmake'
[0.414s] Level 1:colcon.colcon_core.package_identification:_identify(__pycache__) by extension 'python'
[0.415s] Level 1:colcon.colcon_core.package_identification:_identify(__pycache__) by extensions ['python_setup_py']
[0.415s] Level 1:colcon.colcon_core.package_identification:_identify(__pycache__) by extension 'python_setup_py'
[0.415s] Level 1:colcon.colcon_core.package_identification:_identify(build) by extensions ['ignore', 'ignore_ament_install']
[0.415s] Level 1:colcon.colcon_core.package_identification:_identify(build) by extension 'ignore'
[0.415s] Level 1:colcon.colcon_core.package_identification:_identify(build) ignored
[0.415s] Level 1:colcon.colcon_core.package_identification:_identify(development) by extensions ['ignore', 'ignore_ament_install']
[0.416s] Level 1:colcon.colcon_core.package_identification:_identify(development) by extension 'ignore'
[0.416s] Level 1:colcon.colcon_core.package_identification:_identify(development) by extension 'ignore_ament_install'
[0.416s] Level 1:colcon.colcon_core.package_identification:_identify(development) by extensions ['colcon_pkg']
[0.416s] Level 1:colcon.colcon_core.package_identification:_identify(development) by extension 'colcon_pkg'
[0.416s] Level 1:colcon.colcon_core.package_identification:_identify(development) by extensions ['colcon_meta']
[0.416s] Level 1:colcon.colcon_core.package_identification:_identify(development) by extension 'colcon_meta'
[0.417s] Level 1:colcon.colcon_core.package_identification:_identify(development) by extensions ['ros']
[0.417s] Level 1:colcon.colcon_core.package_identification:_identify(development) by extension 'ros'
[0.417s] Level 1:colcon.colcon_core.package_identification:_identify(development) by extensions ['cmake', 'python']
[0.417s] Level 1:colcon.colcon_core.package_identification:_identify(development) by extension 'cmake'
[0.417s] Level 1:colcon.colcon_core.package_identification:_identify(development) by extension 'python'
[0.417s] Level 1:colcon.colcon_core.package_identification:_identify(development) by extensions ['python_setup_py']
[0.417s] Level 1:colcon.colcon_core.package_identification:_identify(development) by extension 'python_setup_py'
[0.418s] Level 1:colcon.colcon_core.package_identification:_identify(docs) by extensions ['ignore', 'ignore_ament_install']
[0.418s] Level 1:colcon.colcon_core.package_identification:_identify(docs) by extension 'ignore'
[0.418s] Level 1:colcon.colcon_core.package_identification:_identify(docs) by extension 'ignore_ament_install'
[0.418s] Level 1:colcon.colcon_core.package_identification:_identify(docs) by extensions ['colcon_pkg']
[0.418s] Level 1:colcon.colcon_core.package_identification:_identify(docs) by extension 'colcon_pkg'
[0.418s] Level 1:colcon.colcon_core.package_identification:_identify(docs) by extensions ['colcon_meta']
[0.418s] Level 1:colcon.colcon_core.package_identification:_identify(docs) by extension 'colcon_meta'
[0.418s] Level 1:colcon.colcon_core.package_identification:_identify(docs) by extensions ['ros']
[0.418s] Level 1:colcon.colcon_core.package_identification:_identify(docs) by extension 'ros'
[0.419s] Level 1:colcon.colcon_core.package_identification:_identify(docs) by extensions ['cmake', 'python']
[0.419s] Level 1:colcon.colcon_core.package_identification:_identify(docs) by extension 'cmake'
[0.419s] Level 1:colcon.colcon_core.package_identification:_identify(docs) by extension 'python'
[0.419s] Level 1:colcon.colcon_core.package_identification:_identify(docs) by extensions ['python_setup_py']
[0.420s] Level 1:colcon.colcon_core.package_identification:_identify(docs) by extension 'python_setup_py'
[0.420s] Level 1:colcon.colcon_core.package_identification:_identify(install) by extensions ['ignore', 'ignore_ament_install']
[0.420s] Level 1:colcon.colcon_core.package_identification:_identify(install) by extension 'ignore'
[0.420s] Level 1:colcon.colcon_core.package_identification:_identify(install) ignored
[0.420s] Level 1:colcon.colcon_core.package_identification:_identify(log) by extensions ['ignore', 'ignore_ament_install']
[0.420s] Level 1:colcon.colcon_core.package_identification:_identify(log) by extension 'ignore'
[0.420s] Level 1:colcon.colcon_core.package_identification:_identify(log) ignored
[0.421s] Level 1:colcon.colcon_core.package_identification:_identify(src) by extensions ['ignore', 'ignore_ament_install']
[0.421s] Level 1:colcon.colcon_core.package_identification:_identify(src) by extension 'ignore'
[0.421s] Level 1:colcon.colcon_core.package_identification:_identify(src) by extension 'ignore_ament_install'
[0.421s] Level 1:colcon.colcon_core.package_identification:_identify(src) by extensions ['colcon_pkg']
[0.421s] Level 1:colcon.colcon_core.package_identification:_identify(src) by extension 'colcon_pkg'
[0.421s] Level 1:colcon.colcon_core.package_identification:_identify(src) by extensions ['colcon_meta']
[0.421s] Level 1:colcon.colcon_core.package_identification:_identify(src) by extension 'colcon_meta'
[0.421s] Level 1:colcon.colcon_core.package_identification:_identify(src) by extensions ['ros']
[0.421s] Level 1:colcon.colcon_core.package_identification:_identify(src) by extension 'ros'
[0.421s] Level 1:colcon.colcon_core.package_identification:_identify(src) by extensions ['cmake', 'python']
[0.421s] Level 1:colcon.colcon_core.package_identification:_identify(src) by extension 'cmake'
[0.421s] Level 1:colcon.colcon_core.package_identification:_identify(src) by extension 'python'
[0.421s] Level 1:colcon.colcon_core.package_identification:_identify(src) by extensions ['python_setup_py']
[0.421s] Level 1:colcon.colcon_core.package_identification:_identify(src) by extension 'python_setup_py'
[0.422s] Level 1:colcon.colcon_core.package_identification:_identify(src/tv_sim) by extensions ['ignore', 'ignore_ament_install']
[0.422s] Level 1:colcon.colcon_core.package_identification:_identify(src/tv_sim) by extension 'ignore'
[0.422s] Level 1:colcon.colcon_core.package_identification:_identify(src/tv_sim) by extension 'ignore_ament_install'
[0.422s] Level 1:colcon.colcon_core.package_identification:_identify(src/tv_sim) by extensions ['colcon_pkg']
[0.422s] Level 1:colcon.colcon_core.package_identification:_identify(src/tv_sim) by extension 'colcon_pkg'
[0.422s] Level 1:colcon.colcon_core.package_identification:_identify(src/tv_sim) by extensions ['colcon_meta']
[0.422s] Level 1:colcon.colcon_core.package_identification:_identify(src/tv_sim) by extension 'colcon_meta'
[0.422s] Level 1:colcon.colcon_core.package_identification:_identify(src/tv_sim) by extensions ['ros']
[0.422s] Level 1:colcon.colcon_core.package_identification:_identify(src/tv_sim) by extension 'ros'
[0.425s] DEBUG:colcon.colcon_core.package_identification:Package 'src/tv_sim' with type 'ros.ament_python' and name 'tv_sim'
[0.425s] Level 1:colcon.colcon_core.package_discovery:discover_packages(recursive) using defaults
[0.425s] Level 1:colcon.colcon_core.package_discovery:discover_packages(ignore) discover
[0.425s] Level 1:colcon.colcon_core.package_discovery:discover_packages(ignore) using defaults
[0.425s] Level 1:colcon.colcon_core.package_discovery:discover_packages(path) discover
[0.425s] Level 1:colcon.colcon_core.package_discovery:discover_packages(path) using defaults
[0.453s] Level 5:colcon.colcon_core.verb:set package 'tv_sim' build argument 'cmake_args' from command line to 'None'
[0.454s] Level 5:colcon.colcon_core.verb:set package 'tv_sim' build argument 'cmake_target' from command line to 'None'
[0.454s] Level 5:colcon.colcon_core.verb:set package 'tv_sim' build argument 'cmake_target_skip_unavailable' from command line to 'False'
[0.454s] Level 5:colcon.colcon_core.verb:set package 'tv_sim' build argument 'cmake_clean_cache' from command line to 'False'
[0.454s] Level 5:colcon.colcon_core.verb:set package 'tv_sim' build argument 'cmake_clean_first' from command line to 'False'
[0.454s] Level 5:colcon.colcon_core.verb:set package 'tv_sim' build argument 'cmake_force_configure' from command line to 'False'
[0.454s] Level 5:colcon.colcon_core.verb:set package 'tv_sim' build argument 'ament_cmake_args' from command line to 'None'
[0.454s] Level 5:colcon.colcon_core.verb:set package 'tv_sim' build argument 'catkin_cmake_args' from command line to 'None'
[0.454s] Level 5:colcon.colcon_core.verb:set package 'tv_sim' build argument 'catkin_skip_building_tests' from command line to 'False'
[0.454s] DEBUG:colcon.colcon_core.verb:Building package 'tv_sim' with the following arguments: {'ament_cmake_args': None, 'build_base': '/workspaces/EV-Torque-Vectoring/build/tv_sim', 'catkin_cmake_args': None, 'catkin_skip_building_tests': False, 'cmake_args': None, 'cmake_clean_cache': False, 'cmake_clean_first': False, 'cmake_force_configure': False, 'cmake_target': None, 'cmake_target_skip_unavailable': False, 'install_base': '/workspaces/EV-Torque-Vectoring/install/tv_sim', 'merge_install': False, 'path': '/workspaces/EV-Torque-Vectoring/src/tv_sim', 'symlink_install': False, 'test_result_base': None}
[0.454s] INFO:colcon.colcon_core.executor:Executing jobs using 'parallel' executor
[0.455s] DEBUG:colcon.colcon_parallel_executor.executor.parallel:run_until_complete
[0.456s] INFO:colcon.colcon_ros.task.ament_python.build:Building ROS package in '/workspaces/EV-Torque-Vectoring/src/tv_sim' with build type 'ament_python'
[0.456s] Level 1:colcon.colcon_core.shell:create_environment_hook('tv_sim', 'ament_prefix_path')
[0.464s] INFO:colcon.colcon_core.plugin_system:Skipping extension 'colcon_core.shell.bat': Not used on non-Windows systems
[0.465s] INFO:colcon.colcon_core.shell:Creating environment hook '/workspaces/EV-Torque-Vectoring/install/tv_sim/share/tv_sim/hook/ament_prefix_path.ps1'
[0.466s] INFO:colcon.colcon_core.shell:Creating environment descriptor '/workspaces/EV-Torque-Vectoring/install/tv_sim/share/tv_sim/hook/ament_prefix_path.dsv'
[0.468s] INFO:colcon.colcon_core.shell:Creating environment hook '/workspaces/EV-Torque-Vectoring/install/tv_sim/share/tv_sim/hook/ament_prefix_path.sh'
[0.469s] INFO:colcon.colcon_core.shell:Skip shell extension 'powershell' for command environment: Not usable outside of PowerShell
[0.469s] DEBUG:colcon.colcon_core.shell:Skip shell extension 'dsv' for command environment
[0.952s] INFO:colcon.colcon_core.task.python.build:Building Python package in '/workspaces/EV-Torque-Vectoring/src/tv_sim'
[0.953s] INFO:colcon.colcon_core.shell:Skip shell extension 'powershell' for command environment: Not usable outside of PowerShell
[0.953s] DEBUG:colcon.colcon_core.shell:Skip shell extension 'dsv' for command environment
[2.315s] DEBUG:colcon.colcon_core.event_handler.log_command:Invoking command in '/workspaces/EV-Torque-Vectoring/src/tv_sim': DEBUGINFOD_URLS=https://debuginfod.ubuntu.com PYTHONPATH=/workspaces/EV-Torque-Vectoring/build/tv_sim/prefix_override:/usr/lib/python3/dist-packages/colcon_core/task/python/colcon_distutils_commands:/workspaces/EV-Torque-Vectoring/install/tv_sim/lib/python3.12/site-packages:${PYTHONPATH} /usr/bin/python3 -W ignore:setup.py install is deprecated -W ignore:easy_install command is deprecated setup.py egg_info --egg-base ../../build/tv_sim build --build-base /workspaces/EV-Torque-Vectoring/build/tv_sim/build install --record /workspaces/EV-Torque-Vectoring/build/tv_sim/install.log --single-version-externally-managed install_data
[3.527s] DEBUG:colcon.colcon_core.event_handler.log_command:Invoked command in '/workspaces/EV-Torque-Vectoring/src/tv_sim' returned '0': DEBUGINFOD_URLS=https://debuginfod.ubuntu.com PYTHONPATH=/workspaces/EV-Torque-Vectoring/build/tv_sim/prefix_override:/usr/lib/python3/dist-packages/colcon_core/task/python/colcon_distutils_commands:/workspaces/EV-Torque-Vectoring/install/tv_sim/lib/python3.12/site-packages:${PYTHONPATH} /usr/bin/python3 -W ignore:setup.py install is deprecated -W ignore:easy_install command is deprecated setup.py egg_info --egg-base ../../build/tv_sim build --build-base /workspaces/EV-Torque-Vectoring/build/tv_sim/build install --record /workspaces/EV-Torque-Vectoring/build/tv_sim/install.log --single-version-externally-managed install_data
[3.532s] Level 1:colcon.colcon_core.environment:checking '/workspaces/EV-Torque-Vectoring/install/tv_sim' for CMake module files
[3.533s] Level 1:colcon.colcon_core.environment:checking '/workspaces/EV-Torque-Vectoring/install/tv_sim' for CMake config files
[3.534s] Level 1:colcon.colcon_core.environment:checking '/workspaces/EV-Torque-Vectoring/install/tv_sim/lib'
[3.534s] Level 1:colcon.colcon_core.environment:checking '/workspaces/EV-Torque-Vectoring/install/tv_sim/bin'
[3.534s] Level 1:colcon.colcon_core.environment:checking '/workspaces/EV-Torque-Vectoring/install/tv_sim/lib/pkgconfig/tv_sim.pc'
[3.535s] Level 1:colcon.colcon_core.environment:checking '/workspaces/EV-Torque-Vectoring/install/tv_sim/lib/python3.12/site-packages'
[3.535s] Level 1:colcon.colcon_core.shell:create_environment_hook('tv_sim', 'pythonpath')
[3.535s] INFO:colcon.colcon_core.shell:Creating environment hook '/workspaces/EV-Torque-Vectoring/install/tv_sim/share/tv_sim/hook/pythonpath.ps1'
[3.536s] INFO:colcon.colcon_core.shell:Creating environment descriptor '/workspaces/EV-Torque-Vectoring/install/tv_sim/share/tv_sim/hook/pythonpath.dsv'
[3.537s] INFO:colcon.colcon_core.shell:Creating environment hook '/workspaces/EV-Torque-Vectoring/install/tv_sim/share/tv_sim/hook/pythonpath.sh'
[3.539s] Level 1:colcon.colcon_core.environment:checking '/workspaces/EV-Torque-Vectoring/install/tv_sim/bin'
[3.539s] Level 1:colcon.colcon_core.environment:create_environment_scripts_only(tv_sim)
[3.539s] INFO:colcon.colcon_core.shell:Creating package script '/workspaces/EV-Torque-Vectoring/install/tv_sim/share/tv_sim/package.ps1'
[3.541s] INFO:colcon.colcon_core.shell:Creating package descriptor '/workspaces/EV-Torque-Vectoring/install/tv_sim/share/tv_sim/package.dsv'
[3.542s] INFO:colcon.colcon_core.shell:Creating package script '/workspaces/EV-Torque-Vectoring/install/tv_sim/share/tv_sim/package.sh'
[3.543s] INFO:colcon.colcon_core.shell:Creating package script '/workspaces/EV-Torque-Vectoring/install/tv_sim/share/tv_sim/package.bash'
[3.545s] INFO:colcon.colcon_core.shell:Creating package script '/workspaces/EV-Torque-Vectoring/install/tv_sim/share/tv_sim/package.zsh'
[3.546s] Level 1:colcon.colcon_core.environment:create_file_with_runtime_dependencies(/workspaces/EV-Torque-Vectoring/install/tv_sim/share/colcon-core/packages/tv_sim)
[3.547s] DEBUG:colcon.colcon_parallel_executor.executor.parallel:closing loop
[3.547s] DEBUG:colcon.colcon_parallel_executor.executor.parallel:loop closed
[3.547s] DEBUG:colcon.colcon_parallel_executor.executor.parallel:run_until_complete finished with '0'
[3.547s] DEBUG:colcon.colcon_core.event_reactor:joining thread
[3.558s] INFO:colcon.colcon_core.plugin_system:Skipping extension 'colcon_notification.desktop_notification.notify_send': Could not find 'notify-send'
[3.558s] INFO:colcon.colcon_core.plugin_system:Skipping extension 'colcon_notification.desktop_notification.terminal_notifier': Not used on non-Darwin systems
[3.558s] INFO:colcon.colcon_core.plugin_system:Skipping extension 'colcon_notification.desktop_notification.win32': Not used on non-Windows systems
[3.558s] INFO:colcon.colcon_notification.desktop_notification:Sending desktop notification using 'notify2'
[3.562s] DEBUG:colcon.colcon_notification.desktop_notification.notify2:Failed to initialize notify2: org.freedesktop.DBus.Error.Spawn.ExecFailed: /usr/bin/dbus-launch terminated abnormally without any error message
[3.563s] DEBUG:colcon.colcon_core.event_reactor:joined thread
[3.564s] INFO:colcon.colcon_core.shell:Creating prefix script '/workspaces/EV-Torque-Vectoring/install/local_setup.ps1'
[3.566s] INFO:colcon.colcon_core.shell:Creating prefix util module '/workspaces/EV-Torque-Vectoring/install/_local_setup_util_ps1.py'
[3.569s] INFO:colcon.colcon_core.shell:Creating prefix chain script '/workspaces/EV-Torque-Vectoring/install/setup.ps1'
[3.571s] INFO:colcon.colcon_core.shell:Creating prefix script '/workspaces/EV-Torque-Vectoring/install/local_setup.sh'
[3.572s] INFO:colcon.colcon_core.shell:Creating prefix util module '/workspaces/EV-Torque-Vectoring/install/_local_setup_util_sh.py'
[3.573s] INFO:colcon.colcon_core.shell:Creating prefix chain script '/workspaces/EV-Torque-Vectoring/install/setup.sh'
[3.574s] INFO:colcon.colcon_core.shell:Creating prefix script '/workspaces/EV-Torque-Vectoring/install/local_setup.bash'
[3.575s] INFO:colcon.colcon_core.shell:Creating prefix chain script '/workspaces/EV-Torque-Vectoring/install/setup.bash'
[3.576s] INFO:colcon.colcon_core.shell:Creating prefix script '/workspaces/EV-Torque-Vectoring/install/local_setup.zsh'
[3.577s] INFO:colcon.colcon_core.shell:Creating prefix chain script '/workspaces/EV-Torque-Vectoring/install/setup.zsh'
