[1.113s] Invoking command in '/workspaces/EV-Torque-Vectoring/src/tv_sim': DEBUGINFOD_URLS=https://debuginfod.ubuntu.com PYTHONPATH=/workspaces/EV-Torque-Vectoring/build/tv_sim/prefix_override:/usr/lib/python3/dist-packages/colcon_core/task/python/colcon_distutils_commands:/workspaces/EV-Torque-Vectoring/install/tv_sim/lib/python3.12/site-packages:${PYTHONPATH} /usr/bin/python3 -W ignore:setup.py install is deprecated -W ignore:easy_install command is deprecated setup.py egg_info --egg-base ../../build/tv_sim build --build-base /workspaces/EV-Torque-Vectoring/build/tv_sim/build install --record /workspaces/EV-Torque-Vectoring/build/tv_sim/install.log --single-version-externally-managed install_data
[1.497s] running egg_info
[1.529s] writing ../../build/tv_sim/tv_sim.egg-info/PKG-INFO
[1.530s] writing dependency_links to ../../build/tv_sim/tv_sim.egg-info/dependency_links.txt
[1.531s] writing entry points to ../../build/tv_sim/tv_sim.egg-info/entry_points.txt
[1.531s] writing requirements to ../../build/tv_sim/tv_sim.egg-info/requires.txt
[1.531s] writing top-level names to ../../build/tv_sim/tv_sim.egg-info/top_level.txt
[1.598s] reading manifest file '../../build/tv_sim/tv_sim.egg-info/SOURCES.txt'
[1.599s] writing manifest file '../../build/tv_sim/tv_sim.egg-info/SOURCES.txt'
[1.600s] running build
[1.600s] running build_py
[1.601s] running install
[1.612s] running install_lib
[1.645s] running install_data
[1.646s] running install_egg_info
[1.678s] removing '/workspaces/EV-Torque-Vectoring/install/tv_sim/lib/python3.12/site-packages/tv_sim-0.0.1-py3.12.egg-info' (and everything under it)
[1.679s] Copying ../../build/tv_sim/tv_sim.egg-info to /workspaces/EV-Torque-Vectoring/install/tv_sim/lib/python3.12/site-packages/tv_sim-0.0.1-py3.12.egg-info
[1.680s] running install_scripts
[1.870s] Installing controller script to /workspaces/EV-Torque-Vectoring/install/tv_sim/lib/tv_sim
[1.871s] Installing driver script to /workspaces/EV-Torque-Vectoring/install/tv_sim/lib/tv_sim
[1.871s] Installing plant script to /workspaces/EV-Torque-Vectoring/install/tv_sim/lib/tv_sim
[1.871s] writing list of installed files to '/workspaces/EV-Torque-Vectoring/build/tv_sim/install.log'
[1.909s] Invoked command in '/workspaces/EV-Torque-Vectoring/src/tv_sim' returned '0': DEBUGINFOD_URLS=https://debuginfod.ubuntu.com PYTHONPATH=/workspaces/EV-Torque-Vectoring/build/tv_sim/prefix_override:/usr/lib/python3/dist-packages/colcon_core/task/python/colcon_distutils_commands:/workspaces/EV-Torque-Vectoring/install/tv_sim/lib/python3.12/site-packages:${PYTHONPATH} /usr/bin/python3 -W ignore:setup.py install is deprecated -W ignore:easy_install command is deprecated setup.py egg_info --egg-base ../../build/tv_sim build --build-base /workspaces/EV-Torque-Vectoring/build/tv_sim/build install --record /workspaces/EV-Torque-Vectoring/build/tv_sim/install.log --single-version-externally-managed install_data
